<?xml version="1.0" encoding="UTF-8"?>
<checkstyle version="8.45.1">
<file name="C:\Users\gabeb\Documents\Programming\DungeonLyte_maven\src\main\java\Door.java">
<error line="1" column="1" severity="error" message="Missing a Javadoc comment." source="com.puppycrawl.tools.checkstyle.checks.javadoc.MissingJavadocTypeCheck"/>
<error line="1" column="1" severity="error" message="Missing package declaration." source="com.puppycrawl.tools.checkstyle.checks.coding.PackageDeclarationCheck"/>
<error line="3" column="12" severity="error" message="Variable &apos;link&apos; explicitly initialized to &apos;null&apos; (default value for its type)." source="com.puppycrawl.tools.checkstyle.checks.coding.ExplicitInitializationCheck"/>
<error line="3" column="12" severity="error" message="Variable &apos;link&apos; must be private and have accessor methods." source="com.puppycrawl.tools.checkstyle.checks.design.VisibilityModifierCheck"/>
<error line="5" column="24" severity="error" message="Name &apos;_desc&apos; must match pattern &apos;^[a-z][a-zA-Z0-9]*$&apos;." source="com.puppycrawl.tools.checkstyle.checks.naming.ParameterNameCheck"/>
<error line="5" column="38" severity="error" message="Name &apos;_link&apos; must match pattern &apos;^[a-z][a-zA-Z0-9]*$&apos;." source="com.puppycrawl.tools.checkstyle.checks.naming.ParameterNameCheck"/>
<error line="10" column="46" severity="error" message="Name &apos;_link&apos; must match pattern &apos;^[a-z][a-zA-Z0-9]*$&apos;." source="com.puppycrawl.tools.checkstyle.checks.naming.ParameterNameCheck"/>
<error line="12" severity="error" message="Line is longer than 120 characters (found 126)." source="com.puppycrawl.tools.checkstyle.checks.sizes.LineLengthCheck"/>
<error line="12" column="34" severity="error" message="&apos;++&apos; is preceded with whitespace." source="com.puppycrawl.tools.checkstyle.checks.whitespace.NoWhitespaceBeforeCheck"/>
<error line="12" column="38" severity="error" message="&apos;{&apos; at column 38 should have line break after." source="com.puppycrawl.tools.checkstyle.checks.blocks.LeftCurlyCheck"/>
<error line="12" column="38" severity="error" message="&apos;{&apos; is not followed by whitespace." source="com.puppycrawl.tools.checkstyle.checks.whitespace.WhitespaceAroundCheck"/>
<error line="12" column="39" severity="error" message="&apos;if&apos; is not preceded with whitespace." source="com.puppycrawl.tools.checkstyle.checks.whitespace.WhitespaceAroundCheck"/>
<error line="12" column="61" severity="error" message="&apos;{&apos; at column 61 should have line break after." source="com.puppycrawl.tools.checkstyle.checks.blocks.LeftCurlyCheck"/>
<error line="12" column="61" severity="error" message="&apos;{&apos; is not followed by whitespace." source="com.puppycrawl.tools.checkstyle.checks.whitespace.WhitespaceAroundCheck"/>
<error line="12" column="91" severity="error" message="&apos;;&apos; is not followed by whitespace." source="com.puppycrawl.tools.checkstyle.checks.whitespace.WhitespaceAfterCheck"/>
<error line="12" column="92" severity="error" message="&apos;}&apos; at column 92 should be alone on a line." source="com.puppycrawl.tools.checkstyle.checks.blocks.RightCurlyCheck"/>
<error line="12" column="92" severity="error" message="&apos;}&apos; is not followed by whitespace." source="com.puppycrawl.tools.checkstyle.checks.whitespace.WhitespaceAroundCheck"/>
<error line="12" column="92" severity="error" message="&apos;}&apos; is not preceded with whitespace." source="com.puppycrawl.tools.checkstyle.checks.whitespace.WhitespaceAroundCheck"/>
<error line="12" column="93" severity="error" message="&apos;}&apos; is not preceded with whitespace." source="com.puppycrawl.tools.checkstyle.checks.whitespace.WhitespaceAroundCheck"/>
<error line="15" severity="error" message="Line has trailing spaces." source="com.puppycrawl.tools.checkstyle.checks.regexp.RegexpSinglelineCheck"/>
</file>
<file name="C:\Users\gabeb\Documents\Programming\DungeonLyte_maven\src\main\java\Drake.java">
<error line="1" column="1" severity="error" message="Missing package declaration." source="com.puppycrawl.tools.checkstyle.checks.coding.PackageDeclarationCheck"/>
<error line="3" column="1" severity="error" message="Missing a Javadoc comment." source="com.puppycrawl.tools.checkstyle.checks.javadoc.MissingJavadocTypeCheck"/>
<error line="13" column="5" severity="error" message="Missing a Javadoc comment." source="com.puppycrawl.tools.checkstyle.checks.javadoc.MissingJavadocMethodCheck"/>
<error line="19" column="9" severity="error" message="&apos;else&apos; child has incorrect indentation level 8, expected level should be 12." source="com.puppycrawl.tools.checkstyle.checks.indentation.IndentationCheck"/>
<error line="19" column="66" severity="error" message="&apos;;&apos; is not followed by whitespace." source="com.puppycrawl.tools.checkstyle.checks.whitespace.WhitespaceAfterCheck"/>
<error line="19" column="67" severity="error" message="&apos;}&apos; at column 67 should have line break before." source="com.puppycrawl.tools.checkstyle.checks.blocks.RightCurlyCheck"/>
<error line="19" column="67" severity="error" message="&apos;}&apos; is not preceded with whitespace." source="com.puppycrawl.tools.checkstyle.checks.whitespace.WhitespaceAroundCheck"/>
<error line="30" column="5" severity="error" message="&apos;METHOD_DEF&apos; should be separated from previous line." source="com.puppycrawl.tools.checkstyle.checks.whitespace.EmptyLineSeparatorCheck"/>
<error line="33" column="5" severity="error" message="&apos;METHOD_DEF&apos; should be separated from previous line." source="com.puppycrawl.tools.checkstyle.checks.whitespace.EmptyLineSeparatorCheck"/>
<error line="39" column="5" severity="error" message="Missing a Javadoc comment." source="com.puppycrawl.tools.checkstyle.checks.javadoc.MissingJavadocMethodCheck"/>
<error line="62" column="44" severity="error" message="&apos;+&apos; is not followed by whitespace." source="com.puppycrawl.tools.checkstyle.checks.whitespace.WhitespaceAroundCheck"/>
<error line="62" column="44" severity="error" message="&apos;+&apos; is not preceded with whitespace." source="com.puppycrawl.tools.checkstyle.checks.whitespace.WhitespaceAroundCheck"/>
<error line="69" severity="error" message="Line is longer than 120 characters (found 131)." source="com.puppycrawl.tools.checkstyle.checks.sizes.LineLengthCheck"/>
<error line="69" column="25" severity="error" message="String literal expressions should be on the left side of an equals comparison." source="com.puppycrawl.tools.checkstyle.checks.coding.EqualsAvoidNullCheck"/>
<error line="69" column="50" severity="error" message="&apos;+&apos; is not followed by whitespace." source="com.puppycrawl.tools.checkstyle.checks.whitespace.WhitespaceAroundCheck"/>
<error line="69" column="50" severity="error" message="&apos;+&apos; is not preceded with whitespace." source="com.puppycrawl.tools.checkstyle.checks.whitespace.WhitespaceAroundCheck"/>
<error line="69" column="61" severity="error" message="&apos;+&apos; is not followed by whitespace." source="com.puppycrawl.tools.checkstyle.checks.whitespace.WhitespaceAroundCheck"/>
<error line="69" column="61" severity="error" message="&apos;+&apos; is not preceded with whitespace." source="com.puppycrawl.tools.checkstyle.checks.whitespace.WhitespaceAroundCheck"/>
<error line="70" column="52" severity="error" message="&apos;+&apos; is not followed by whitespace." source="com.puppycrawl.tools.checkstyle.checks.whitespace.WhitespaceAroundCheck"/>
<error line="70" column="52" severity="error" message="&apos;+&apos; is not preceded with whitespace." source="com.puppycrawl.tools.checkstyle.checks.whitespace.WhitespaceAroundCheck"/>
<error line="79" column="25" severity="error" message="String literal expressions should be on the left side of an equals comparison." source="com.puppycrawl.tools.checkstyle.checks.coding.EqualsAvoidNullCheck"/>
<error line="93" column="29" severity="error" message="&apos;{&apos; at column 29 should have line break after." source="com.puppycrawl.tools.checkstyle.checks.blocks.LeftCurlyCheck"/>
<error line="93" column="29" severity="error" message="&apos;{&apos; is not followed by whitespace." source="com.puppycrawl.tools.checkstyle.checks.whitespace.WhitespaceAroundCheck"/>
<error line="93" column="30" severity="error" message="&apos;return&apos; is not preceded with whitespace." source="com.puppycrawl.tools.checkstyle.checks.whitespace.WhitespaceAroundCheck"/>
<error line="93" column="41" severity="error" message="&apos;;&apos; is not followed by whitespace." source="com.puppycrawl.tools.checkstyle.checks.whitespace.WhitespaceAfterCheck"/>
<error line="93" column="42" severity="error" message="&apos;}&apos; at column 42 should be alone on a line." source="com.puppycrawl.tools.checkstyle.checks.blocks.RightCurlyCheck"/>
<error line="93" column="42" severity="error" message="&apos;}&apos; is not preceded with whitespace." source="com.puppycrawl.tools.checkstyle.checks.whitespace.WhitespaceAroundCheck"/>
<error line="93" column="56" severity="error" message="Only one statement per line allowed." source="com.puppycrawl.tools.checkstyle.checks.coding.OneStatementPerLineCheck"/>
</file>
<file name="C:\Users\gabeb\Documents\Programming\DungeonLyte_maven\src\main\java\Feature.java">
<error line="1" column="1" severity="error" message="Missing a Javadoc comment." source="com.puppycrawl.tools.checkstyle.checks.javadoc.MissingJavadocTypeCheck"/>
<error line="1" column="1" severity="error" message="Missing package declaration." source="com.puppycrawl.tools.checkstyle.checks.coding.PackageDeclarationCheck"/>
<error line="3" column="27" severity="error" message="Name &apos;_name&apos; must match pattern &apos;^[a-z][a-zA-Z0-9]*$&apos;." source="com.puppycrawl.tools.checkstyle.checks.naming.ParameterNameCheck"/>
<error line="3" column="41" severity="error" message="Name &apos;_desc&apos; must match pattern &apos;^[a-z][a-zA-Z0-9]*$&apos;." source="com.puppycrawl.tools.checkstyle.checks.naming.ParameterNameCheck"/>
</file>
<file name="C:\Users\gabeb\Documents\Programming\DungeonLyte_maven\src\main\java\Item.java">
<error line="1" column="1" severity="error" message="Missing a Javadoc comment." source="com.puppycrawl.tools.checkstyle.checks.javadoc.MissingJavadocTypeCheck"/>
<error line="1" column="1" severity="error" message="Missing package declaration." source="com.puppycrawl.tools.checkstyle.checks.coding.PackageDeclarationCheck"/>
<error line="3" column="24" severity="error" message="Name &apos;_name&apos; must match pattern &apos;^[a-z][a-zA-Z0-9]*$&apos;." source="com.puppycrawl.tools.checkstyle.checks.naming.ParameterNameCheck"/>
<error line="3" column="38" severity="error" message="Name &apos;_desc&apos; must match pattern &apos;^[a-z][a-zA-Z0-9]*$&apos;." source="com.puppycrawl.tools.checkstyle.checks.naming.ParameterNameCheck"/>
</file>
<file name="C:\Users\gabeb\Documents\Programming\DungeonLyte_maven\src\main\java\Main.java">
<error line="1" column="1" severity="error" message="Missing a Javadoc comment." source="com.puppycrawl.tools.checkstyle.checks.javadoc.MissingJavadocTypeCheck"/>
<error line="1" column="1" severity="error" message="Missing package declaration." source="com.puppycrawl.tools.checkstyle.checks.coding.PackageDeclarationCheck"/>
<error line="1" column="1" severity="error" message="Utility classes should not have a public or default constructor." source="com.puppycrawl.tools.checkstyle.checks.design.HideUtilityClassConstructorCheck"/>
<error line="3" column="18" severity="error" message="Variable &apos;dungeon&apos; must be private and have accessor methods." source="com.puppycrawl.tools.checkstyle.checks.design.VisibilityModifierCheck"/>
<error line="4" column="5" severity="error" message="&apos;METHOD_DEF&apos; should be separated from previous line." source="com.puppycrawl.tools.checkstyle.checks.whitespace.EmptyLineSeparatorCheck"/>
<error line="4" column="5" severity="error" message="Missing a Javadoc comment." source="com.puppycrawl.tools.checkstyle.checks.javadoc.MissingJavadocMethodCheck"/>
</file>
<file name="C:\Users\gabeb\Documents\Programming\DungeonLyte_maven\src\main\java\Player.java">
<error line="1" column="1" severity="error" message="Missing package declaration." source="com.puppycrawl.tools.checkstyle.checks.coding.PackageDeclarationCheck"/>
<error line="3" column="1" severity="error" message="Missing a Javadoc comment." source="com.puppycrawl.tools.checkstyle.checks.javadoc.MissingJavadocTypeCheck"/>
<error line="5" column="21" severity="error" message="Variable &apos;inventory&apos; must be private and have accessor methods." source="com.puppycrawl.tools.checkstyle.checks.design.VisibilityModifierCheck"/>
<error line="7" column="26" severity="error" message="Name &apos;_name&apos; must match pattern &apos;^[a-z][a-zA-Z0-9]*$&apos;." source="com.puppycrawl.tools.checkstyle.checks.naming.ParameterNameCheck"/>
<error line="7" column="40" severity="error" message="Name &apos;_desc&apos; must match pattern &apos;^[a-z][a-zA-Z0-9]*$&apos;." source="com.puppycrawl.tools.checkstyle.checks.naming.ParameterNameCheck"/>
<error line="11" severity="error" message="Line has trailing spaces." source="com.puppycrawl.tools.checkstyle.checks.regexp.RegexpSinglelineCheck"/>
</file>
<file name="C:\Users\gabeb\Documents\Programming\DungeonLyte_maven\src\main\java\Room.java">
<error line="1" column="1" severity="error" message="Missing package declaration." source="com.puppycrawl.tools.checkstyle.checks.coding.PackageDeclarationCheck"/>
<error line="3" column="1" severity="error" message="Missing a Javadoc comment." source="com.puppycrawl.tools.checkstyle.checks.javadoc.MissingJavadocTypeCheck"/>
<error line="5" column="29" severity="error" message="Variable &apos;doors&apos; explicitly initialized to &apos;null&apos; (default value for its type)." source="com.puppycrawl.tools.checkstyle.checks.coding.ExplicitInitializationCheck"/>
<error line="7" column="24" severity="error" message="Name &apos;_name&apos; must match pattern &apos;^[a-z][a-zA-Z0-9]*$&apos;." source="com.puppycrawl.tools.checkstyle.checks.naming.ParameterNameCheck"/>
<error line="7" column="38" severity="error" message="Name &apos;_desc&apos; must match pattern &apos;^[a-z][a-zA-Z0-9]*$&apos;." source="com.puppycrawl.tools.checkstyle.checks.naming.ParameterNameCheck"/>
<error line="12" column="30" severity="error" message="Name &apos;_door&apos; must match pattern &apos;^[a-z][a-zA-Z0-9]*$&apos;." source="com.puppycrawl.tools.checkstyle.checks.naming.ParameterNameCheck"/>
<error line="19" severity="error" message="Line has trailing spaces." source="com.puppycrawl.tools.checkstyle.checks.regexp.RegexpSinglelineCheck"/>
</file>
<file name="C:\Users\gabeb\Documents\Programming\DungeonLyte_maven\src\main\java\World.java">
<error line="1" column="1" severity="error" message="Missing a Javadoc comment." source="com.puppycrawl.tools.checkstyle.checks.javadoc.MissingJavadocTypeCheck"/>
<error line="1" column="1" severity="error" message="Missing package declaration." source="com.puppycrawl.tools.checkstyle.checks.coding.PackageDeclarationCheck"/>
</file>
<file name="C:\Users\gabeb\Documents\Programming\DungeonLyte_maven\src\main\java\WorldLoad.java">
<error line="1" column="1" severity="error" message="Missing package declaration." source="com.puppycrawl.tools.checkstyle.checks.coding.PackageDeclarationCheck"/>
<error line="8" column="1" severity="error" message="Missing a Javadoc comment." source="com.puppycrawl.tools.checkstyle.checks.javadoc.MissingJavadocTypeCheck"/>
<error line="9" severity="error" message="Line has trailing spaces." source="com.puppycrawl.tools.checkstyle.checks.regexp.RegexpSinglelineCheck"/>
<error line="15" column="5" severity="error" message="Missing a Javadoc comment." source="com.puppycrawl.tools.checkstyle.checks.javadoc.MissingJavadocMethodCheck"/>
<error line="15" column="29" severity="error" message="Name &apos;_fileToScan&apos; must match pattern &apos;^[a-z][a-zA-Z0-9]*$&apos;." source="com.puppycrawl.tools.checkstyle.checks.naming.ParameterNameCheck"/>
<error line="16" severity="error" message="Line has trailing spaces." source="com.puppycrawl.tools.checkstyle.checks.regexp.RegexpSinglelineCheck"/>
<error line="16" column="29" severity="error" message="&apos;+&apos; is not followed by whitespace." source="com.puppycrawl.tools.checkstyle.checks.whitespace.WhitespaceAroundCheck"/>
<error line="16" column="29" severity="error" message="&apos;+&apos; is not preceded with whitespace." source="com.puppycrawl.tools.checkstyle.checks.whitespace.WhitespaceAroundCheck"/>
<error line="20" severity="error" message="Line is longer than 120 characters (found 134)." source="com.puppycrawl.tools.checkstyle.checks.sizes.LineLengthCheck"/>
<error line="20" column="94" severity="error" message="&apos;{&apos; at column 94 should have line break after." source="com.puppycrawl.tools.checkstyle.checks.blocks.LeftCurlyCheck"/>
<error line="20" column="94" severity="error" message="&apos;{&apos; is not followed by whitespace." source="com.puppycrawl.tools.checkstyle.checks.whitespace.WhitespaceAroundCheck"/>
<error line="20" column="109" severity="error" message="&apos;;&apos; is not followed by whitespace." source="com.puppycrawl.tools.checkstyle.checks.whitespace.WhitespaceAfterCheck"/>
<error line="20" column="109" severity="error" message="Only one statement per line allowed." source="com.puppycrawl.tools.checkstyle.checks.coding.OneStatementPerLineCheck"/>
<error line="20" column="110" severity="error" message="&apos;}&apos; is not preceded with whitespace." source="com.puppycrawl.tools.checkstyle.checks.whitespace.WhitespaceAroundCheck"/>
<error line="23" severity="error" message="Line has trailing spaces." source="com.puppycrawl.tools.checkstyle.checks.regexp.RegexpSinglelineCheck"/>
<error line="25" column="5" severity="error" message="Missing a Javadoc comment." source="com.puppycrawl.tools.checkstyle.checks.javadoc.MissingJavadocMethodCheck"/>
<error line="26" severity="error" message="Line has trailing spaces." source="com.puppycrawl.tools.checkstyle.checks.regexp.RegexpSinglelineCheck"/>
<error line="27" column="40" severity="error" message="&apos;=&apos; is not followed by whitespace." source="com.puppycrawl.tools.checkstyle.checks.whitespace.WhitespaceAroundCheck"/>
<error line="27" column="96" severity="error" message="Only one statement per line allowed." source="com.puppycrawl.tools.checkstyle.checks.coding.OneStatementPerLineCheck"/>
<error line="29" column="9" severity="error" message="&apos;}&apos; at column 9 should be on the same line as the next part of a multi-block statement (one that directly contains multiple blocks: if/else-if/else, do/while or try/catch/finally)." source="com.puppycrawl.tools.checkstyle.checks.blocks.RightCurlyCheck"/>
<error line="30" column="9" severity="error" message="&apos;catch&apos; is not followed by whitespace." source="com.puppycrawl.tools.checkstyle.checks.whitespace.WhitespaceAroundCheck"/>
<error line="30" column="31" severity="error" message="&apos;{&apos; at column 31 should have line break after." source="com.puppycrawl.tools.checkstyle.checks.blocks.LeftCurlyCheck"/>
<error line="30" column="31" severity="error" message="&apos;{&apos; is not followed by whitespace." source="com.puppycrawl.tools.checkstyle.checks.whitespace.WhitespaceAroundCheck"/>
<error line="30" column="51" severity="error" message="&apos;;&apos; is not followed by whitespace." source="com.puppycrawl.tools.checkstyle.checks.whitespace.WhitespaceAfterCheck"/>
<error line="30" column="52" severity="error" message="&apos;}&apos; is not preceded with whitespace." source="com.puppycrawl.tools.checkstyle.checks.whitespace.WhitespaceAroundCheck"/>
<error line="34" column="45" severity="error" message="Name &apos;_gameStream&apos; must match pattern &apos;^[a-z][a-zA-Z0-9]*$&apos;." source="com.puppycrawl.tools.checkstyle.checks.naming.ParameterNameCheck"/>
<error line="36" severity="error" message="Line has trailing spaces." source="com.puppycrawl.tools.checkstyle.checks.regexp.RegexpSinglelineCheck"/>
<error line="39" severity="error" message="Line has trailing spaces." source="com.puppycrawl.tools.checkstyle.checks.regexp.RegexpSinglelineCheck"/>
<error line="41" column="52" severity="error" message="Name &apos;_gameStream&apos; must match pattern &apos;^[a-z][a-zA-Z0-9]*$&apos;." source="com.puppycrawl.tools.checkstyle.checks.naming.ParameterNameCheck"/>
<error line="41" column="72" severity="error" message="Name &apos;_level&apos; must match pattern &apos;^[a-z][a-zA-Z0-9]*$&apos;." source="com.puppycrawl.tools.checkstyle.checks.naming.ParameterNameCheck"/>
<error line="45" column="9" severity="error" message="&apos;while&apos; is not followed by whitespace." source="com.puppycrawl.tools.checkstyle.checks.whitespace.WhitespaceAfterCheck"/>
<error line="47" column="36" severity="error" message="String literal expressions should be on the left side of an equals comparison." source="com.puppycrawl.tools.checkstyle.checks.coding.EqualsAvoidNullCheck"/>
<error line="51" severity="error" message="Line is longer than 120 characters (found 172)." source="com.puppycrawl.tools.checkstyle.checks.sizes.LineLengthCheck"/>
<error line="55" column="35" severity="error" message="&apos;(&apos; is preceded with whitespace." source="com.puppycrawl.tools.checkstyle.checks.whitespace.MethodParamPadCheck"/>
<error line="56" column="13" severity="error" message="&apos;if rcurly&apos; has incorrect indentation level 12, expected level should be 16." source="com.puppycrawl.tools.checkstyle.checks.indentation.IndentationCheck"/>
<error line="63" column="32" severity="error" message="&apos;(&apos; is preceded with whitespace." source="com.puppycrawl.tools.checkstyle.checks.whitespace.MethodParamPadCheck"/>
<error line="63" column="39" severity="error" message="Name &apos;_drake&apos; must match pattern &apos;^[a-z][a-zA-Z0-9]*$&apos;." source="com.puppycrawl.tools.checkstyle.checks.naming.ParameterNameCheck"/>
<error line="63" column="54" severity="error" message="Name &apos;_higherObjName&apos; must match pattern &apos;^[a-z][a-zA-Z0-9]*$&apos;." source="com.puppycrawl.tools.checkstyle.checks.naming.ParameterNameCheck"/>
<error line="67" severity="error" message="Line is longer than 120 characters (found 125)." source="com.puppycrawl.tools.checkstyle.checks.sizes.LineLengthCheck"/>
<error line="69" column="39" severity="error" message="String literal expressions should be on the left side of an equals comparison." source="com.puppycrawl.tools.checkstyle.checks.coding.EqualsAvoidNullCheck"/>
<error line="71" column="17" severity="error" message="Nested if-else depth is 2 (max allowed is 1)." source="com.puppycrawl.tools.checkstyle.checks.coding.NestedIfDepthCheck"/>
<error line="73" severity="error" message="Line has trailing spaces." source="com.puppycrawl.tools.checkstyle.checks.regexp.RegexpSinglelineCheck"/>
<error line="73" column="26" severity="error" message="Name &apos;_door&apos; must match pattern &apos;^[a-z][a-zA-Z0-9]*$&apos;." source="com.puppycrawl.tools.checkstyle.checks.naming.LocalVariableNameCheck"/>
<error line="74" column="41" severity="error" message="&apos;{&apos; at column 41 should have line break after." source="com.puppycrawl.tools.checkstyle.checks.blocks.LeftCurlyCheck"/>
<error line="74" column="41" severity="error" message="&apos;{&apos; is not followed by whitespace." source="com.puppycrawl.tools.checkstyle.checks.whitespace.WhitespaceAroundCheck"/>
<error line="74" column="58" severity="error" message="&apos;;&apos; is not followed by whitespace." source="com.puppycrawl.tools.checkstyle.checks.whitespace.WhitespaceAfterCheck"/>
<error line="74" column="59" severity="error" message="&apos;}&apos; is not preceded with whitespace." source="com.puppycrawl.tools.checkstyle.checks.whitespace.WhitespaceAroundCheck"/>
<error line="76" severity="error" message="Line has trailing spaces." source="com.puppycrawl.tools.checkstyle.checks.regexp.RegexpSinglelineCheck"/>
<error line="76" column="17" severity="error" message="&apos;}&apos; at column 17 should be on the same line as the next part of a multi-block statement (one that directly contains multiple blocks: if/else-if/else, do/while or try/catch/finally)." source="com.puppycrawl.tools.checkstyle.checks.blocks.RightCurlyCheck"/>
<error line="78" column="26" severity="error" message="Name &apos;_item&apos; must match pattern &apos;^[a-z][a-zA-Z0-9]*$&apos;." source="com.puppycrawl.tools.checkstyle.checks.naming.LocalVariableNameCheck"/>
<error line="81" severity="error" message="Line has trailing spaces." source="com.puppycrawl.tools.checkstyle.checks.regexp.RegexpSinglelineCheck"/>
<error line="82" severity="error" message="Line has trailing spaces." source="com.puppycrawl.tools.checkstyle.checks.regexp.RegexpSinglelineCheck"/>
<error line="82" column="17" severity="error" message="&apos;}&apos; at column 17 should be on the same line as the next part of a multi-block statement (one that directly contains multiple blocks: if/else-if/else, do/while or try/catch/finally)." source="com.puppycrawl.tools.checkstyle.checks.blocks.RightCurlyCheck"/>
<error line="84" column="29" severity="error" message="Name &apos;_feature&apos; must match pattern &apos;^[a-z][a-zA-Z0-9]*$&apos;." source="com.puppycrawl.tools.checkstyle.checks.naming.LocalVariableNameCheck"/>
<error line="91" column="9" severity="error" message="&apos;}&apos; at column 9 should be on the same line as the next part of a multi-block statement (one that directly contains multiple blocks: if/else-if/else, do/while or try/catch/finally)." source="com.puppycrawl.tools.checkstyle.checks.blocks.RightCurlyCheck"/>
<error line="105" column="5" severity="error" message="&apos;}&apos; has more than 1 empty lines after." source="com.puppycrawl.tools.checkstyle.checks.whitespace.EmptyLineSeparatorCheck"/>
</file>
<file name="C:\Users\gabeb\Documents\Programming\DungeonLyte_maven\src\main\java\WorldObject.java">
<error line="1" column="1" severity="error" message="Missing package declaration." source="com.puppycrawl.tools.checkstyle.checks.coding.PackageDeclarationCheck"/>
<error line="3" column="1" severity="error" message="Missing a Javadoc comment." source="com.puppycrawl.tools.checkstyle.checks.javadoc.MissingJavadocTypeCheck"/>
<error line="4" column="5" severity="error" message="Missing a Javadoc comment." source="com.puppycrawl.tools.checkstyle.checks.javadoc.JavadocVariableCheck"/>
<error line="4" column="22" severity="error" message="Variable &apos;name&apos; must be private and have accessor methods." source="com.puppycrawl.tools.checkstyle.checks.design.VisibilityModifierCheck"/>
<error line="5" column="5" severity="error" message="Missing a Javadoc comment." source="com.puppycrawl.tools.checkstyle.checks.javadoc.JavadocVariableCheck"/>
<error line="5" column="22" severity="error" message="Variable &apos;desc&apos; must be private and have accessor methods." source="com.puppycrawl.tools.checkstyle.checks.design.VisibilityModifierCheck"/>
<error line="6" column="28" severity="error" message="Variable &apos;store&apos; must be private and have accessor methods." source="com.puppycrawl.tools.checkstyle.checks.design.VisibilityModifierCheck"/>
<error line="8" column="5" severity="error" message="Missing a Javadoc comment." source="com.puppycrawl.tools.checkstyle.checks.javadoc.MissingJavadocMethodCheck"/>
<error line="8" column="31" severity="error" message="Name &apos;_name&apos; must match pattern &apos;^[a-z][a-zA-Z0-9]*$&apos;." source="com.puppycrawl.tools.checkstyle.checks.naming.ParameterNameCheck"/>
<error line="8" column="45" severity="error" message="Name &apos;_desc&apos; must match pattern &apos;^[a-z][a-zA-Z0-9]*$&apos;." source="com.puppycrawl.tools.checkstyle.checks.naming.ParameterNameCheck"/>
<error line="9" severity="error" message="Line has trailing spaces." source="com.puppycrawl.tools.checkstyle.checks.regexp.RegexpSinglelineCheck"/>
<error line="19" column="5" severity="error" message="&apos;METHOD_DEF&apos; should be separated from previous line." source="com.puppycrawl.tools.checkstyle.checks.whitespace.EmptyLineSeparatorCheck"/>
<error line="23" column="40" severity="error" message="Name &apos;_add&apos; must match pattern &apos;^[a-z][a-zA-Z0-9]*$&apos;." source="com.puppycrawl.tools.checkstyle.checks.naming.ParameterNameCheck"/>
<error line="24" severity="error" message="Line has trailing spaces." source="com.puppycrawl.tools.checkstyle.checks.regexp.RegexpSinglelineCheck"/>
<error line="27" severity="error" message="Line has trailing spaces." source="com.puppycrawl.tools.checkstyle.checks.regexp.RegexpSinglelineCheck"/>
<error line="27" severity="error" message="Line is longer than 120 characters (found 125)." source="com.puppycrawl.tools.checkstyle.checks.sizes.LineLengthCheck"/>
<error line="28" severity="error" message="Line has trailing spaces." source="com.puppycrawl.tools.checkstyle.checks.regexp.RegexpSinglelineCheck"/>
<error line="29" column="9" severity="error" message="Comment has incorrect indentation level 8, expected is 4, indentation should be the same level as line 23." source="com.puppycrawl.tools.checkstyle.checks.indentation.CommentsIndentationCheck"/>
</file>
<file name="C:\Users\gabeb\Documents\Programming\DungeonLyte_maven\src\test\java\AppTest.java">
<error line="1" column="1" severity="error" message="Missing package declaration." source="com.puppycrawl.tools.checkstyle.checks.coding.PackageDeclarationCheck"/>
</file>
</checkstyle>
